<?xml version="1.0" encoding="UTF-8"?>
<!-- Generated by org.testng.reporters.JUnitXMLReporter -->
<testsuite ignored="0" hostname="Ranjeet-MacBook-Pro.local" failures="0" tests="2" name="Test" time="0.175" errors="0" timestamp="2023-07-27T01:26:43 IST">
  <testcase classname="Com.Ecommerce.BaseClas.Ecommerce_BaseClass" name="@BeforeMethod initialization" time="0.104">
    <failure type="java.lang.IllegalStateException" message="The driver executable must exist: /11March_Automation_Framework/src/test/resources/Driver/chromedriver">
      <![CDATA[java.lang.IllegalStateException: The driver executable must exist: /11March_Automation_Framework/src/test/resources/Driver/chromedriver
at org.openqa.selenium.internal.Require$FileStateChecker.isFile(Require.java:345)
at org.openqa.selenium.remote.service.DriverFinder.getPath(DriverFinder.java:39)
at org.openqa.selenium.chrome.ChromeDriver.generateExecutor(ChromeDriver.java:98)
at org.openqa.selenium.chrome.ChromeDriver.<init>(ChromeDriver.java:88)
at org.openqa.selenium.chrome.ChromeDriver.<init>(ChromeDriver.java:84)
at org.openqa.selenium.chrome.ChromeDriver.<init>(ChromeDriver.java:52)
at Com.Ecommerce.BaseClas.Ecommerce_BaseClass.initialization(Ecommerce_BaseClass.java:44)
at java.base/java.util.ArrayList.forEach(ArrayList.java:1511)
... Removed 29 stack frames]]>
    </failure>
  </testcase> <!-- @BeforeMethod initialization -->
  <testcase classname="Com.Ecommerce.BaseClas.Ecommerce_BaseClass" name="@AfterMethod Teardown" time="0.0">
    <skipped/>
  </testcase> <!-- @AfterMethod Teardown -->
  <testcase classname="Com.Ecommerce.BaseClas.Ecommerce_BaseClass" name="@BeforeMethod initialization" time="0.004">
    <failure type="java.lang.IllegalStateException" message="The driver executable must exist: /11March_Automation_Framework/src/test/resources/Driver/chromedriver">
      <![CDATA[java.lang.IllegalStateException: The driver executable must exist: /11March_Automation_Framework/src/test/resources/Driver/chromedriver
at org.openqa.selenium.internal.Require$FileStateChecker.isFile(Require.java:345)
at org.openqa.selenium.remote.service.DriverFinder.getPath(DriverFinder.java:39)
at org.openqa.selenium.chrome.ChromeDriver.generateExecutor(ChromeDriver.java:98)
at org.openqa.selenium.chrome.ChromeDriver.<init>(ChromeDriver.java:88)
at org.openqa.selenium.chrome.ChromeDriver.<init>(ChromeDriver.java:84)
at org.openqa.selenium.chrome.ChromeDriver.<init>(ChromeDriver.java:52)
at Com.Ecommerce.BaseClas.Ecommerce_BaseClass.initialization(Ecommerce_BaseClass.java:44)
at java.base/java.util.ArrayList.forEach(ArrayList.java:1511)
... Removed 29 stack frames]]>
    </failure>
  </testcase> <!-- @BeforeMethod initialization -->
  <testcase classname="Com.Ecommerce.BaseClas.Ecommerce_BaseClass" name="@AfterMethod Teardown" time="0.0">
    <skipped/>
  </testcase> <!-- @AfterMethod Teardown -->
  <testcase classname="Com.Ecommerce.TestCases.TC_NewRegistrationTestCases" name="Registration" time="0.0">
    <skipped/>
  </testcase> <!-- Registration -->
  <testcase classname="Com.Ecommerce.TestCases.TC_BrokenLinks" name="Broken_Links" time="0.0">
    <skipped/>
  </testcase> <!-- Broken_Links -->
</testsuite> <!-- Test -->
